TN:
SF:/Users/jocastab/Projects/Matrix/my_matrix/s21_matrix/functions/s21_calc_complements.c
FN:13,29,s21_calc_complements
FNDA:3,s21_calc_complements
FNF:1
FNH:1
DA:13,3
DA:15,3
DA:16,3
DA:17,3
DA:18,3
DA:19,3
DA:20,3
DA:21,12
DA:22,36
DA:23,27
DA:24,27
DA:28,3
LF:12
LH:12
end_of_record
TN:
SF:/Users/jocastab/Projects/Matrix/my_matrix/s21_matrix/functions/s21_create_matrix.c
FN:14,32,s21_create_matrix
FNDA:139,s21_create_matrix
FNF:1
FNH:1
DA:14,139
DA:15,139
DA:17,139
DA:18,136
DA:19,136
DA:20,136
DA:21,576
DA:22,440
DA:23,440
DA:27,139
DA:28,0
DA:31,139
LF:12
LH:11
end_of_record
TN:
SF:/Users/jocastab/Projects/Matrix/my_matrix/s21_matrix/functions/s21_determinant.c
FN:12,34,s21_determinant
FNDA:35,s21_determinant
FNF:1
FNH:1
DA:12,35
DA:13,35
DA:15,35
DA:16,35
DA:17,35
DA:18,35
DA:19,33
DA:20,31
DA:21,12
DA:22,9
DA:23,9
DA:24,36
DA:25,27
DA:26,27
DA:28,9
DA:31,35
DA:32,35
DA:33,35
LF:18
LH:18
end_of_record
TN:
SF:/Users/jocastab/Projects/Matrix/my_matrix/s21_matrix/functions/s21_eq_matrix.c
FN:3,5,s21_eq_matrix
FNDA:23,s21_eq_matrix
FNF:1
FNH:1
DA:3,23
DA:4,23
LF:2
LH:2
end_of_record
TN:
SF:/Users/jocastab/Projects/Matrix/my_matrix/s21_matrix/functions/s21_helper.c
FN:114,129,s21_create_sub_matrix
FN:138,148,s21_initialize_matrix
FN:14,16,s21_eq_size
FN:155,162,s21_print_matrix
FN:173,180,s21_is_valid_matrix_midi
FN:191,201,s21_is_valid_matrix_full
FN:212,214,s21_is_valid_element
FN:225,227,s21_is_valid_result_ptr
FN:236,238,s21_correct_index
FN:247,249,s21_determinant_2x2
FN:27,29,s21_squar_size
FN:40,42,s21_eq_element
FN:53,62,s21_eq_content
FN:74,76,s21_compatibility_size
FN:90,102,s21_get_minor
FNDA:27,s21_create_sub_matrix
FNDA:30,s21_initialize_matrix
FNDA:51,s21_eq_size
FNDA:0,s21_print_matrix
FNDA:300,s21_is_valid_matrix_midi
FNDA:163,s21_is_valid_matrix_full
FNDA:2217,s21_is_valid_element
FNDA:41,s21_is_valid_result_ptr
FNDA:54,s21_correct_index
FNDA:0,s21_determinant_2x2
FNDA:41,s21_squar_size
FNDA:279,s21_eq_element
FNDA:21,s21_eq_content
FNDA:4,s21_compatibility_size
FNDA:27,s21_get_minor
FNF:15
FNH:13
DA:14,51
DA:15,51
DA:27,41
DA:28,41
DA:40,279
DA:41,279
DA:53,21
DA:54,21
DA:55,21
DA:56,93
DA:57,351
DA:58,279
DA:61,21
DA:74,4
DA:75,4
DA:90,27
DA:92,27
DA:93,27
DA:94,27
DA:95,27
DA:98,27
DA:99,27
DA:100,27
DA:101,27
DA:114,27
DA:115,27
DA:116,27
DA:117,108
DA:118,81
DA:119,216
DA:120,162
DA:121,108
DA:122,108
DA:124,54
DA:128,27
DA:138,30
DA:139,30
DA:140,30
DA:141,150
DA:142,625
DA:143,505
DA:144,505
DA:148,30
DA:155,0
DA:156,0
DA:157,0
DA:158,0
DA:159,0
DA:162,0
DA:173,300
DA:174,300
DA:175,300
DA:176,289
DA:177,1241
DA:179,300
DA:191,163
DA:192,163
DA:193,163
DA:194,689
DA:195,2500
DA:196,1970
DA:200,163
DA:212,2217
DA:213,4434
DA:225,41
DA:226,41
DA:236,54
DA:237,54
DA:247,0
DA:248,0
LF:70
LH:62
end_of_record
TN:
SF:/Users/jocastab/Projects/Matrix/my_matrix/s21_matrix/functions/s21_inverse_matrix.c
FN:12,32,s21_inverse_matrix
FNDA:5,s21_inverse_matrix
FNF:1
FNH:1
DA:12,5
DA:13,5
DA:14,5
DA:15,5
DA:16,5
DA:17,5
DA:18,5
DA:19,5
DA:20,3
DA:22,2
DA:23,2
DA:24,2
DA:25,2
DA:26,2
DA:27,2
DA:28,2
DA:31,5
LF:17
LH:17
end_of_record
TN:
SF:/Users/jocastab/Projects/Matrix/my_matrix/s21_matrix/functions/s21_mult_matrix.c
FN:13,31,s21_mult_matrix
FNDA:6,s21_mult_matrix
FNF:1
FNH:1
DA:13,6
DA:14,6
DA:15,6
DA:16,6
DA:17,6
DA:18,6
DA:19,6
DA:20,6
DA:21,12
DA:22,36
DA:23,27
DA:24,99
DA:25,27
DA:26,27
DA:30,6
LF:15
LH:15
end_of_record
TN:
SF:/Users/jocastab/Projects/Matrix/my_matrix/s21_matrix/functions/s21_mult_number.c
FN:13,29,s21_mult_number
FNDA:8,s21_mult_number
FNF:1
FNH:1
DA:13,8
DA:14,8
DA:15,8
DA:16,8
DA:17,8
DA:18,8
DA:19,8
DA:20,16
DA:21,48
DA:22,36
DA:23,36
DA:24,36
DA:28,8
LF:13
LH:13
end_of_record
TN:
SF:/Users/jocastab/Projects/Matrix/my_matrix/s21_matrix/functions/s21_remove_matrix.c
FN:7,14,s21_remove_matrix
FNDA:137,s21_remove_matrix
FNF:1
FNH:1
DA:7,137
DA:8,137
DA:9,550
DA:10,130
DA:11,130
DA:12,130
DA:14,137
LF:7
LH:7
end_of_record
TN:
SF:/Users/jocastab/Projects/Matrix/my_matrix/s21_matrix/functions/s21_sub_matrix.c
FN:13,30,s21_sub_matrix
FNDA:6,s21_sub_matrix
FNF:1
FNH:1
DA:13,6
DA:14,6
DA:15,6
DA:16,6
DA:17,6
DA:18,6
DA:19,6
DA:20,6
DA:21,16
DA:22,72
DA:23,59
DA:24,59
DA:25,59
DA:29,6
LF:14
LH:14
end_of_record
TN:
SF:/Users/jocastab/Projects/Matrix/my_matrix/s21_matrix/functions/s21_sum_matrix.c
FN:13,30,s21_sum_matrix
FNDA:6,s21_sum_matrix
FNF:1
FNH:1
DA:13,6
DA:14,6
DA:15,6
DA:16,6
DA:17,6
DA:18,6
DA:19,6
DA:20,6
DA:21,16
DA:22,72
DA:23,59
DA:24,59
DA:25,59
DA:29,6
LF:14
LH:14
end_of_record
TN:
SF:/Users/jocastab/Projects/Matrix/my_matrix/s21_matrix/functions/s21_transpose.c
FN:12,24,s21_transpose
FNDA:7,s21_transpose
FNF:1
FNH:1
DA:12,7
DA:13,7
DA:14,7
DA:15,7
DA:16,6
DA:17,22
DA:18,58
DA:19,42
DA:23,7
LF:9
LH:9
end_of_record
TN:
SF:/Users/jocastab/Projects/Matrix/my_matrix/s21_matrix/tests/s21_inverse_matrix.c
FN:12,20,s21_inverse_matrix_2_fn
FN:23,31,s21_inverse_matrix_3_fn
FN:34,48,s21_inverse_matrix_4_fn
FN:4,9,s21_inverse_matrix_1_fn
FN:51,72,s21_inverse_matrix_5_fn
FN:76,87,s21_inverse_matrix_suite
FNDA:1,s21_inverse_matrix_2_fn
FNDA:1,s21_inverse_matrix_3_fn
FNDA:1,s21_inverse_matrix_4_fn
FNDA:1,s21_inverse_matrix_1_fn
FNDA:1,s21_inverse_matrix_5_fn
FNDA:55,s21_inverse_matrix_suite
FNF:6
FNH:6
DA:4,1
DA:6,1
DA:7,1
DA:8,1
DA:9,1
DA:12,1
DA:14,1
DA:15,1
DA:16,1
DA:17,1
DA:18,1
DA:19,1
DA:20,1
DA:23,1
DA:25,1
DA:26,1
DA:27,1
DA:28,1
DA:29,1
DA:30,1
DA:31,1
DA:34,1
DA:36,1
DA:37,1
DA:38,1
DA:39,1
DA:40,1
DA:41,1
DA:42,1
DA:43,1
DA:44,1
DA:45,1
DA:46,1
DA:47,1
DA:48,1
DA:51,1
DA:53,1
DA:54,1
DA:55,1
DA:56,1
DA:57,1
DA:58,1
DA:59,1
DA:60,1
DA:61,1
DA:62,1
DA:63,1
DA:64,1
DA:65,1
DA:66,1
DA:67,1
DA:68,1
DA:69,1
DA:70,1
DA:71,1
DA:72,1
DA:76,55
DA:77,55
DA:78,55
DA:79,55
DA:80,55
DA:81,55
DA:82,55
DA:83,55
DA:84,55
DA:86,55
LF:66
LH:66
end_of_record
TN:
SF:/Users/jocastab/Projects/Matrix/my_matrix/s21_matrix/tests/s21_test_calc_complements.c
FN:23,52,s21_calc_complements_3_fn
FN:55,64,s21_calc_complements_suite
FNDA:1,s21_calc_complements_3_fn
FNDA:55,s21_calc_complements_suite
FNF:2
FNH:2
DA:23,1
DA:25,1
DA:26,1
DA:27,1
DA:28,1
DA:29,1
DA:30,1
DA:31,1
DA:32,1
DA:33,1
DA:34,1
DA:35,1
DA:36,1
DA:37,1
DA:38,1
DA:40,1
DA:47,1
DA:48,1
DA:49,1
DA:50,1
DA:51,1
DA:52,1
DA:55,55
DA:56,55
DA:57,55
DA:60,55
DA:61,55
DA:63,55
LF:28
LH:28
end_of_record
TN:
SF:/Users/jocastab/Projects/Matrix/my_matrix/s21_matrix/tests/s21_test_create_matrix.c
FN:11,14,s21_create_matrix_2_fn
FN:17,21,s21_create_matrix_3_fn
FN:24,28,s21_create_matrix_4_fn
FN:3,8,s21_create_matrix_1_fn
FN:32,42,s21_create_matrix_suite
FNDA:1,s21_create_matrix_2_fn
FNDA:1,s21_create_matrix_3_fn
FNDA:1,s21_create_matrix_4_fn
FNDA:1,s21_create_matrix_1_fn
FNDA:55,s21_create_matrix_suite
FNF:5
FNH:5
DA:3,1
DA:5,1
DA:6,1
DA:7,1
DA:8,1
DA:11,1
DA:13,1
DA:14,1
DA:17,1
DA:19,1
DA:20,1
DA:21,1
DA:24,1
DA:26,1
DA:27,1
DA:28,1
DA:32,55
DA:33,55
DA:34,55
DA:35,55
DA:36,55
DA:37,55
DA:38,55
DA:39,55
DA:41,55
LF:25
LH:25
end_of_record
TN:
SF:/Users/jocastab/Projects/Matrix/my_matrix/s21_matrix/tests/s21_test_determinant.c
FN:11,19,s21_determinant_2_fn
FN:22,31,s21_determinant_3_fn
FN:3,8,s21_determinant_1_fn
FN:34,43,s21_determinant_4_fn
FN:46,55,s21_determinant_5_fn
FN:58,69,s21_determinant_suite
FNDA:1,s21_determinant_2_fn
FNDA:1,s21_determinant_3_fn
FNDA:1,s21_determinant_1_fn
FNDA:1,s21_determinant_4_fn
FNDA:1,s21_determinant_5_fn
FNDA:55,s21_determinant_suite
FNF:6
FNH:6
DA:3,1
DA:5,1
DA:6,1
DA:7,1
DA:8,1
DA:11,1
DA:13,1
DA:14,1
DA:15,1
DA:16,1
DA:17,1
DA:18,1
DA:19,1
DA:22,1
DA:24,1
DA:25,1
DA:26,1
DA:27,1
DA:28,1
DA:29,1
DA:30,1
DA:31,1
DA:34,1
DA:36,1
DA:37,1
DA:38,1
DA:39,1
DA:40,1
DA:41,1
DA:42,1
DA:43,1
DA:46,1
DA:48,1
DA:49,1
DA:50,1
DA:51,1
DA:52,1
DA:53,1
DA:54,1
DA:55,1
DA:58,55
DA:59,55
DA:60,55
DA:61,55
DA:62,55
DA:63,55
DA:64,55
DA:65,55
DA:66,55
DA:68,55
LF:50
LH:50
end_of_record
TN:
SF:/Users/jocastab/Projects/Matrix/my_matrix/s21_matrix/tests/s21_test_eq_matrix.c
FN:17,26,s21_eq_matrix_2_fn
FN:29,40,s21_eq_matrix_3_fn
FN:3,14,s21_eq_matrix_1_fn
FN:43,52,s21_eq_matrix_4_fn
FN:55,62,s21_eq_matrix_5_fn
FN:65,76,s21_eq_matrix_6_fn
FN:79,91,s21_eq_matrix_suite
FNDA:1,s21_eq_matrix_2_fn
FNDA:1,s21_eq_matrix_3_fn
FNDA:1,s21_eq_matrix_1_fn
FNDA:1,s21_eq_matrix_4_fn
FNDA:1,s21_eq_matrix_5_fn
FNDA:1,s21_eq_matrix_6_fn
FNDA:55,s21_eq_matrix_suite
FNF:7
FNH:7
DA:3,1
DA:5,1
DA:6,1
DA:7,1
DA:8,1
DA:9,1
DA:10,1
DA:11,1
DA:12,1
DA:13,1
DA:14,1
DA:17,1
DA:19,1
DA:20,1
DA:21,1
DA:22,1
DA:23,1
DA:24,1
DA:25,1
DA:26,1
DA:29,1
DA:31,1
DA:32,1
DA:33,1
DA:34,1
DA:35,1
DA:36,1
DA:37,1
DA:38,1
DA:39,1
DA:40,1
DA:43,1
DA:45,1
DA:46,1
DA:47,1
DA:48,1
DA:49,1
DA:50,1
DA:51,1
DA:52,1
DA:55,1
DA:57,1
DA:58,1
DA:59,1
DA:60,1
DA:61,1
DA:62,1
DA:65,1
DA:67,1
DA:68,1
DA:69,1
DA:70,1
DA:71,1
DA:72,1
DA:73,1
DA:74,1
DA:75,1
DA:76,1
DA:79,55
DA:80,55
DA:81,55
DA:82,55
DA:83,55
DA:84,55
DA:85,55
DA:86,55
DA:87,55
DA:88,55
DA:90,55
LF:69
LH:69
end_of_record
TN:
SF:/Users/jocastab/Projects/Matrix/my_matrix/s21_matrix/tests/s21_test_main.c
FN:3,26,main
FNDA:55,main
FNF:1
FNH:1
DA:3,55
DA:4,55
DA:5,605
DA:6,55
DA:7,55
DA:8,55
DA:9,55
DA:10,55
DA:11,55
DA:12,55
DA:13,55
DA:14,55
DA:15,55
DA:16,55
DA:19,328
DA:20,327
DA:21,327
DA:22,273
DA:23,273
DA:25,1
LF:20
LH:20
end_of_record
TN:
SF:/Users/jocastab/Projects/Matrix/my_matrix/s21_matrix/tests/s21_test_mult_matrix.c
FN:116,128,s21_mult_matrix_suite
FN:14,27,s21_mult_matrix_2_fn
FN:30,40,s21_mult_matrix_3_fn
FN:4,11,s21_mult_matrix_1_fn
FN:43,58,s21_mult_matrix_4_fn
FN:61,84,s21_mult_matrix_5_fn
FN:87,113,s21_mult_matrix_6_fn
FNDA:55,s21_mult_matrix_suite
FNDA:1,s21_mult_matrix_2_fn
FNDA:1,s21_mult_matrix_3_fn
FNDA:1,s21_mult_matrix_1_fn
FNDA:1,s21_mult_matrix_4_fn
FNDA:1,s21_mult_matrix_5_fn
FNDA:1,s21_mult_matrix_6_fn
FNF:7
FNH:7
DA:4,1
DA:6,1
DA:7,1
DA:8,1
DA:9,1
DA:10,1
DA:11,1
DA:14,1
DA:16,1
DA:17,1
DA:18,1
DA:19,1
DA:20,1
DA:21,1
DA:22,1
DA:23,1
DA:24,1
DA:25,1
DA:26,1
DA:27,1
DA:30,1
DA:32,1
DA:33,1
DA:34,1
DA:35,1
DA:36,1
DA:37,1
DA:38,1
DA:39,1
DA:40,1
DA:43,1
DA:45,1
DA:46,1
DA:47,1
DA:48,1
DA:49,1
DA:50,1
DA:51,1
DA:52,1
DA:53,1
DA:54,1
DA:55,1
DA:56,1
DA:57,1
DA:58,1
DA:61,1
DA:63,1
DA:64,1
DA:65,1
DA:66,1
DA:67,1
DA:68,1
DA:69,1
DA:70,1
DA:71,1
DA:72,1
DA:73,1
DA:74,1
DA:75,1
DA:76,1
DA:77,1
DA:78,1
DA:79,1
DA:80,1
DA:81,1
DA:82,1
DA:83,1
DA:84,1
DA:87,1
DA:89,1
DA:90,1
DA:91,1
DA:92,1
DA:93,1
DA:94,1
DA:95,1
DA:96,1
DA:97,1
DA:98,1
DA:99,1
DA:100,1
DA:101,1
DA:102,1
DA:103,1
DA:104,1
DA:105,1
DA:106,1
DA:107,1
DA:108,1
DA:109,1
DA:110,1
DA:111,1
DA:112,1
DA:113,1
DA:116,55
DA:117,55
DA:118,55
DA:119,55
DA:120,55
DA:121,55
DA:122,55
DA:123,55
DA:124,55
DA:125,55
DA:127,55
LF:105
LH:105
end_of_record
TN:
SF:/Users/jocastab/Projects/Matrix/my_matrix/s21_matrix/tests/s21_test_mult_number.c
FN:103,115,s21_mult_number_suite
FN:14,23,s21_mult_number_2_fn
FN:26,37,s21_mult_number_3_fn
FN:3,11,s21_mult_number_1_fn
FN:40,57,s21_mult_number_4_fn
FN:60,75,s21_mult_number_5_fn
FN:78,100,s21_mult_number_6_fn
FNDA:55,s21_mult_number_suite
FNDA:1,s21_mult_number_2_fn
FNDA:1,s21_mult_number_3_fn
FNDA:1,s21_mult_number_1_fn
FNDA:1,s21_mult_number_4_fn
FNDA:1,s21_mult_number_5_fn
FNDA:1,s21_mult_number_6_fn
FNF:7
FNH:7
DA:3,1
DA:5,1
DA:6,1
DA:7,1
DA:8,1
DA:9,1
DA:10,1
DA:11,1
DA:14,1
DA:16,1
DA:17,1
DA:18,1
DA:19,1
DA:20,1
DA:21,1
DA:22,1
DA:23,1
DA:26,1
DA:28,1
DA:29,1
DA:30,1
DA:31,1
DA:32,1
DA:33,1
DA:34,1
DA:35,1
DA:36,1
DA:37,1
DA:40,1
DA:42,1
DA:43,1
DA:44,1
DA:45,1
DA:46,1
DA:47,1
DA:52,1
DA:53,1
DA:54,1
DA:55,1
DA:56,1
DA:57,1
DA:60,1
DA:62,1
DA:63,1
DA:64,1
DA:65,1
DA:66,1
DA:67,1
DA:68,1
DA:69,1
DA:70,1
DA:71,1
DA:72,1
DA:73,1
DA:74,1
DA:75,1
DA:78,1
DA:80,1
DA:81,1
DA:82,1
DA:83,1
DA:84,1
DA:85,1
DA:86,1
DA:87,1
DA:88,1
DA:89,1
DA:90,1
DA:91,1
DA:92,1
DA:93,1
DA:94,1
DA:95,1
DA:96,1
DA:97,1
DA:98,1
DA:99,1
DA:100,1
DA:103,55
DA:104,55
DA:105,55
DA:106,55
DA:107,55
DA:108,55
DA:109,55
DA:110,55
DA:111,55
DA:112,55
DA:114,55
LF:89
LH:89
end_of_record
TN:
SF:/Users/jocastab/Projects/Matrix/my_matrix/s21_matrix/tests/s21_test_remove_matrix.c
FN:13,17,s21_remove_matrix_2_fn
FN:20,25,s21_remove_matrix_3_fn
FN:28,35,s21_remove_matrix_4_fn
FN:39,49,s21_remove_matrix_suite
FN:4,10,s21_remove_matrix_1_fn
FNDA:1,s21_remove_matrix_2_fn
FNDA:1,s21_remove_matrix_3_fn
FNDA:1,s21_remove_matrix_4_fn
FNDA:55,s21_remove_matrix_suite
FNDA:1,s21_remove_matrix_1_fn
FNF:5
FNH:5
DA:4,1
DA:6,1
DA:7,1
DA:8,1
DA:9,1
DA:10,1
DA:13,1
DA:15,1
DA:16,1
DA:17,1
DA:20,1
DA:22,1
DA:23,1
DA:24,1
DA:25,1
DA:28,1
DA:30,1
DA:31,1
DA:32,1
DA:33,1
DA:34,1
DA:35,1
DA:39,55
DA:40,55
DA:41,55
DA:42,55
DA:43,55
DA:44,55
DA:45,55
DA:46,55
DA:48,55
LF:31
LH:31
end_of_record
TN:
SF:/Users/jocastab/Projects/Matrix/my_matrix/s21_matrix/tests/s21_test_sub_matrix.c
FN:109,121,s21_sub_matrix_suite
FN:11,21,s21_sub_matrix_2_fn
FN:24,38,s21_sub_matrix_3_fn
FN:3,8,s21_sub_matrix_1_fn
FN:41,58,s21_sub_matrix_4_fn
FN:61,76,s21_sub_matrix_5_fn
FN:79,106,s21_sub_matrix_6_fn
FNDA:55,s21_sub_matrix_suite
FNDA:1,s21_sub_matrix_2_fn
FNDA:1,s21_sub_matrix_3_fn
FNDA:1,s21_sub_matrix_1_fn
FNDA:1,s21_sub_matrix_4_fn
FNDA:1,s21_sub_matrix_5_fn
FNDA:1,s21_sub_matrix_6_fn
FNF:7
FNH:7
DA:3,1
DA:5,1
DA:6,1
DA:7,1
DA:8,1
DA:11,1
DA:13,1
DA:14,1
DA:15,1
DA:16,1
DA:17,1
DA:18,1
DA:19,1
DA:20,1
DA:21,1
DA:24,1
DA:26,1
DA:27,1
DA:28,1
DA:29,1
DA:30,1
DA:31,1
DA:32,1
DA:33,1
DA:34,1
DA:35,1
DA:36,1
DA:37,1
DA:38,1
DA:41,1
DA:43,1
DA:44,1
DA:45,1
DA:46,1
DA:47,1
DA:48,1
DA:49,1
DA:50,1
DA:51,1
DA:52,1
DA:53,1
DA:54,1
DA:55,1
DA:56,1
DA:57,1
DA:58,1
DA:61,1
DA:63,1
DA:64,1
DA:65,1
DA:66,1
DA:67,1
DA:68,1
DA:69,1
DA:70,1
DA:71,1
DA:72,1
DA:73,1
DA:74,1
DA:75,1
DA:76,1
DA:79,1
DA:81,1
DA:82,1
DA:83,1
DA:84,1
DA:85,1
DA:86,1
DA:87,1
DA:88,1
DA:89,1
DA:90,1
DA:91,1
DA:92,1
DA:93,1
DA:94,1
DA:95,1
DA:96,1
DA:97,1
DA:98,1
DA:99,1
DA:100,1
DA:101,1
DA:102,1
DA:103,1
DA:104,1
DA:105,1
DA:106,1
DA:109,55
DA:110,55
DA:111,55
DA:112,55
DA:113,55
DA:114,55
DA:115,55
DA:116,55
DA:117,55
DA:118,55
DA:120,55
LF:99
LH:99
end_of_record
TN:
SF:/Users/jocastab/Projects/Matrix/my_matrix/s21_matrix/tests/s21_test_sum_matrix.c
FN:11,21,s21_sum_matrix_2_fn
FN:110,122,s21_sum_matrix_suite
FN:24,38,s21_sum_matrix_3_fn
FN:3,8,s21_sum_matrix_1_fn
FN:41,59,s21_sum_matrix_4_fn
FN:62,77,s21_sum_matrix_5_fn
FN:80,107,s21_sum_matrix_6_fn
FNDA:1,s21_sum_matrix_2_fn
FNDA:55,s21_sum_matrix_suite
FNDA:1,s21_sum_matrix_3_fn
FNDA:1,s21_sum_matrix_1_fn
FNDA:1,s21_sum_matrix_4_fn
FNDA:1,s21_sum_matrix_5_fn
FNDA:1,s21_sum_matrix_6_fn
FNF:7
FNH:7
DA:3,1
DA:5,1
DA:6,1
DA:7,1
DA:8,1
DA:11,1
DA:13,1
DA:14,1
DA:15,1
DA:16,1
DA:17,1
DA:18,1
DA:19,1
DA:20,1
DA:21,1
DA:24,1
DA:26,1
DA:27,1
DA:28,1
DA:29,1
DA:30,1
DA:31,1
DA:32,1
DA:33,1
DA:34,1
DA:35,1
DA:36,1
DA:37,1
DA:38,1
DA:41,1
DA:43,1
DA:44,1
DA:45,1
DA:46,1
DA:47,1
DA:48,1
DA:49,1
DA:50,1
DA:51,1
DA:52,1
DA:53,1
DA:54,1
DA:55,1
DA:56,1
DA:57,1
DA:58,1
DA:59,1
DA:62,1
DA:64,1
DA:65,1
DA:66,1
DA:67,1
DA:68,1
DA:69,1
DA:70,1
DA:71,1
DA:72,1
DA:73,1
DA:74,1
DA:75,1
DA:76,1
DA:77,1
DA:80,1
DA:82,1
DA:83,1
DA:84,1
DA:85,1
DA:86,1
DA:87,1
DA:88,1
DA:89,1
DA:90,1
DA:91,1
DA:92,1
DA:93,1
DA:94,1
DA:95,1
DA:96,1
DA:97,1
DA:98,1
DA:99,1
DA:100,1
DA:101,1
DA:102,1
DA:103,1
DA:104,1
DA:105,1
DA:106,1
DA:107,1
DA:110,55
DA:111,55
DA:112,55
DA:113,55
DA:114,55
DA:115,55
DA:116,55
DA:117,55
DA:118,55
DA:119,55
DA:121,55
LF:100
LH:100
end_of_record
TN:
SF:/Users/jocastab/Projects/Matrix/my_matrix/s21_matrix/tests/s21_test_transpose.c
FN:11,21,s21_transpose_2_fn
FN:24,34,s21_transpose_3_fn
FN:3,8,s21_transpose_1_fn
FN:37,55,s21_transpose_4_fn
FN:58,79,s21_transpose_5_fn
FN:82,93,s21_transpose_suite
FNDA:1,s21_transpose_2_fn
FNDA:1,s21_transpose_3_fn
FNDA:1,s21_transpose_1_fn
FNDA:1,s21_transpose_4_fn
FNDA:1,s21_transpose_5_fn
FNDA:55,s21_transpose_suite
FNF:6
FNH:6
DA:3,1
DA:5,1
DA:6,1
DA:7,1
DA:8,1
DA:11,1
DA:13,1
DA:14,1
DA:15,1
DA:16,1
DA:17,1
DA:18,1
DA:19,1
DA:20,1
DA:21,1
DA:24,1
DA:26,1
DA:27,1
DA:28,1
DA:29,1
DA:30,1
DA:31,1
DA:32,1
DA:33,1
DA:34,1
DA:37,1
DA:39,1
DA:40,1
DA:41,1
DA:42,1
DA:43,1
DA:44,1
DA:45,1
DA:46,1
DA:47,1
DA:48,1
DA:49,1
DA:50,1
DA:51,1
DA:52,1
DA:53,1
DA:54,1
DA:55,1
DA:58,1
DA:60,1
DA:61,1
DA:62,1
DA:63,1
DA:64,1
DA:65,1
DA:66,1
DA:67,1
DA:68,1
DA:69,1
DA:70,1
DA:71,1
DA:72,1
DA:73,1
DA:74,1
DA:75,1
DA:76,1
DA:77,1
DA:78,1
DA:79,1
DA:82,55
DA:83,55
DA:84,55
DA:85,55
DA:86,55
DA:87,55
DA:88,55
DA:89,55
DA:90,55
DA:92,55
LF:74
LH:74
end_of_record
TN:
SF:/usr/local/lib/gcc/current/gcc/x86_64-apple-darwin22/13/include-fixed/math.h
FNF:0
FNH:0
DA:218,2217
DA:227,2217
LF:2
LH:2
end_of_record
